[2026/2/27 17:16:05] [Server] [INFO] ╔════════════════════════════════════════════╗
[2026/2/27 17:16:05] [Server] [INFO] ║         烧烤食材售卖系统 - 后端服务          ║
[2026/2/27 17:16:05] [Server] [INFO] ╠════════════════════════════════════════════╣
[2026/2/27 17:16:05] [Server] [INFO] ║  运行环境：development         ║
[2026/2/27 17:16:05] [Server] [INFO] ║  服务端口：3000                ║
[2026/2/27 17:16:05] [Server] [INFO] ║  启动时间：2026/2/27 17:16:05║
[2026/2/27 17:16:05] [Server] [INFO] ╚════════════════════════════════════════════╝
[2026/2/27 17:16:05] [Server] [INFO] 服务已启动，等待请求...
[2026/2/27 17:16:05] [Server] [INFO] 日志文件：logs/app.log
[2026/2/27 17:16:28] [Server] [INFO] ╔════════════════════════════════════════════╗
[2026/2/27 17:16:28] [Server] [INFO] ║         烧烤食材售卖系统 - 后端服务          ║
[2026/2/27 17:16:28] [Server] [INFO] ╠════════════════════════════════════════════╣
[2026/2/27 17:16:28] [Server] [INFO] ║  运行环境：development         ║
[2026/2/27 17:16:28] [Server] [INFO] ║  服务端口：3000                ║
[2026/2/27 17:16:28] [Server] [INFO] ║  启动时间：2026/2/27 17:16:28║
[2026/2/27 17:16:28] [Server] [INFO] ╚════════════════════════════════════════════╝
[2026/2/27 17:16:28] [Server] [INFO] 服务已启动，等待请求...
[2026/2/27 17:16:28] [Server] [INFO] 日志文件：logs/app.log
[2026/2/27 17:17:26] [Server] [INFO] ╔════════════════════════════════════════════╗
[2026/2/27 17:17:27] [Server] [INFO] ║         烧烤食材售卖系统 - 后端服务          ║
[2026/2/27 17:17:27] [Server] [INFO] ╠════════════════════════════════════════════╣
[2026/2/27 17:17:27] [Server] [INFO] ║  运行环境：development         ║
[2026/2/27 17:17:27] [Server] [INFO] ║  服务端口：3000                ║
[2026/2/27 17:17:27] [Server] [INFO] ║  启动时间：2026/2/27 17:17:27║
[2026/2/27 17:17:27] [Server] [INFO] ╚════════════════════════════════════════════╝
[2026/2/27 17:17:27] [Server] [INFO] 服务已启动，等待请求...
[2026/2/27 17:17:27] [Server] [INFO] 日志文件：logs/app.log
[2026/2/27 17:17:31] [ProductController] [INFO] === 获取商品列表 (管理端) ===
[2026/2/27 17:17:31] [ProductController] [INFO] 请求参数:
  {"page":"1","limit":"5"}
[2026/2/27 17:17:31] [ProductController] [INFO] 查询成功，返回 5 个商品，总数：15
[2026/2/27 17:17:55] [ProductController] [INFO] === 获取商品列表 (管理端) ===
[2026/2/27 17:17:55] [ProductController] [INFO] 请求参数:
  {"page":"1","limit":"50","keyword":"","categoryId":"","status":""}
[2026/2/27 17:17:55] [ProductController] [INFO] 查询成功，返回 0 个商品，总数：0
[2026/2/27 17:19:26] [ProductController] [INFO] === 获取商品列表 (管理端) ===
[2026/2/27 17:19:26] [ProductController] [INFO] 请求参数:
  {"page":"1","limit":"50"}
[2026/2/27 17:19:26] [ProductController] [INFO] 查询成功，返回 15 个商品，总数：15
[2026/2/27 17:19:41] [ProductController] [INFO] === 获取商品列表 (管理端) ===
[2026/2/27 17:19:41] [ProductController] [INFO] 请求参数:
  {"page":"1","limit":"50"}
[2026/2/27 17:19:41] [ProductController] [INFO] 查询成功，返回 15 个商品，总数：15
[2026/2/27 17:20:11] [ProductController] [INFO] === 获取商品列表 (管理端) ===
[2026/2/27 17:20:11] [ProductController] [INFO] 请求参数:
  {"page":"1","limit":"50"}
[2026/2/27 17:20:11] [ProductController] [INFO] 查询成功，返回 15 个商品，总数：15
[2026/2/27 17:44:35] [ProductController] [INFO] === 获取商品列表 (管理端) ===
[2026/2/27 17:44:35] [ProductController] [INFO] 请求参数:
  {"page":"1","limit":"50"}
[2026/2/27 17:44:35] [ProductController] [INFO] 查询成功，返回 15 个商品，总数：15
